<?xml version="1.0" encoding="UTF-8"?>
<testng-results skipped="0" failed="0" ignored="0" total="1" passed="1">
  <reporter-output>
  </reporter-output>
  <suite name="Default suite" duration-ms="16919" started-at="2020-04-03T16:29:56 IST" finished-at="2020-04-03T16:30:13 IST">
    <groups>
    </groups>
    <test name="Default test" duration-ms="16919" started-at="2020-04-03T16:29:56 IST" finished-at="2020-04-03T16:30:13 IST">
      <class name="com.inetBanking.testCases.TC_LoginTest_001">
        <test-method status="PASS" signature="setUp()[pri:0, instance:com.inetBanking.testCases.TC_LoginTest_001@fad74ee]" name="setUp" is-config="true" duration-ms="5177" started-at="2020-04-03T16:29:56 IST" finished-at="2020-04-03T16:30:01 IST">
          <reporter-output>
          </reporter-output>
        </test-method> <!-- setUp -->
        <test-method status="PASS" signature="loginTest()[pri:0, instance:com.inetBanking.testCases.TC_LoginTest_001@fad74ee]" name="loginTest" duration-ms="11098" started-at="2020-04-03T16:30:01 IST" finished-at="2020-04-03T16:30:12 IST">
          <reporter-output>
          </reporter-output>
        </test-method> <!-- loginTest -->
        <test-method status="PASS" signature="tearDown()[pri:0, instance:com.inetBanking.testCases.TC_LoginTest_001@fad74ee]" name="tearDown" is-config="true" duration-ms="604" started-at="2020-04-03T16:30:12 IST" finished-at="2020-04-03T16:30:13 IST">
          <reporter-output>
          </reporter-output>
        </test-method> <!-- tearDown -->
      </class> <!-- com.inetBanking.testCases.TC_LoginTest_001 -->
    </test> <!-- Default test -->
  </suite> <!-- Default suite -->
</testng-results>
